SF:lib/app/view/app.dart
DA:7,1
DA:14,1
DA:16,1
DA:17,2
DA:24,14
DA:26,1
DA:28,1
DA:29,1
LF:8
LH:8
end_of_record
SF:lib/features/coffee/bloc/coffee_state.dart
DA:9,8
DA:10,4
DA:11,8
DA:15,22
DA:25,4
DA:30,4
DA:31,1
DA:32,4
DA:33,4
DA:37,4
DA:38,4
DA:39,4
DA:40,4
DA:41,4
LF:14
LH:14
end_of_record
SF:lib/features/coffee/bloc/coffee_event.dart
DA:4,5
DA:6,2
DA:7,2
LF:3
LH:3
end_of_record
SF:lib/features/coffee/bloc/coffee_bloc.dart
DA:11,3
DA:14,3
DA:15,6
DA:20,3
DA:24,9
DA:25,6
DA:26,3
DA:27,2
DA:28,2
DA:29,4
DA:36,4
DA:37,4
DA:39,2
LF:13
LH:13
end_of_record
SF:lib/features/coffee/view/coffee_page.dart
DA:5,15
DA:7,3
LF:2
LH:2
end_of_record
SF:lib/features/coffee/widgets/coffee_background.dart
DA:8,14
DA:15,3
DA:17,6
DA:18,6
DA:20,3
DA:22,3
DA:23,3
DA:24,3
DA:25,3
DA:26,6
DA:28,3
DA:29,3
DA:30,3
DA:31,3
DA:35,3
DA:37,3
DA:43,3
DA:44,3
DA:45,3
DA:52,3
LF:20
LH:20
end_of_record
SF:lib/features/coffee/widgets/coffee_card.dart
DA:7,15
DA:9,4
DA:10,4
DA:16,4
DA:18,4
DA:20,8
DA:22,4
DA:23,4
DA:24,4
DA:25,4
DA:26,8
DA:28,4
DA:32,4
DA:35,4
DA:36,4
DA:37,4
DA:38,4
DA:40,4
DA:51,4
DA:53,4
DA:55,4
DA:57,4
DA:58,4
DA:59,4
DA:60,4
DA:65,4
DA:66,4
DA:68,1
DA:69,1
DA:70,1
LF:30
LH:30
end_of_record
SF:lib/features/coffee/widgets/coffee_error_card.dart
DA:6,14
DA:8,4
DA:10,4
DA:11,4
DA:12,4
DA:13,4
DA:15,4
DA:17,4
DA:21,4
DA:23,4
DA:25,4
DA:27,4
DA:28,4
LF:13
LH:13
end_of_record
SF:lib/features/coffee/widgets/coffee_image.dart
DA:7,5
DA:24,5
DA:26,5
DA:28,5
DA:29,9
DA:30,4
DA:31,4
DA:32,4
DA:34,4
DA:35,1
DA:36,1
DA:37,1
DA:38,1
DA:40,2
DA:42,1
DA:44,1
DA:47,1
DA:48,2
DA:49,1
DA:50,1
DA:51,1
DA:52,1
DA:53,1
LF:23
LH:23
end_of_record
SF:lib/features/coffee/widgets/coffee_save_button.dart
DA:8,7
DA:19,6
DA:21,6
DA:23,6
DA:24,6
DA:25,6
DA:27,12
DA:29,6
DA:31,1
DA:32,1
DA:34,1
DA:35,1
DA:36,1
DA:37,1
DA:41,6
DA:44,6
LF:16
LH:16
end_of_record
SF:lib/features/coffee/widgets/shimmer_loader.dart
DA:5,4
DA:16,4
DA:18,4
DA:19,4
DA:20,4
DA:21,4
DA:22,4
DA:23,4
DA:24,4
DA:26,4
DA:27,4
LF:11
LH:11
end_of_record
SF:lib/features/home/view/home_page.dart
DA:7,15
DA:9,2
DA:11,2
DA:12,2
DA:13,2
DA:14,4
DA:15,2
DA:16,4
DA:18,6
DA:26,14
DA:28,2
DA:29,2
DA:36,2
DA:38,2
DA:39,5
DA:40,6
DA:44,1
DA:45,2
DA:52,2
DA:54,4
DA:55,2
DA:58,2
DA:60,2
DA:61,2
DA:62,2
DA:63,2
DA:64,2
DA:71,2
DA:75,2
DA:76,2
DA:77,2
DA:78,2
LF:32
LH:32
end_of_record
SF:lib/features/home/widgets/home_nav_bar.dart
DA:4,2
DA:15,2
DA:17,2
DA:18,2
DA:20,2
DA:22,2
DA:24,2
DA:25,2
DA:26,2
DA:28,4
DA:30,2
DA:32,2
DA:34,4
DA:36,2
DA:46,2
DA:57,2
DA:59,2
DA:60,2
DA:61,2
DA:62,2
DA:63,2
DA:64,4
LF:22
LH:22
end_of_record
SF:lib/features/saves/bloc/saves_state.dart
DA:4,24
DA:10,2
DA:13,2
DA:14,1
DA:18,2
DA:19,4
LF:6
LH:6
end_of_record
SF:lib/features/saves/bloc/saves_bloc.dart
DA:10,6
DA:11,6
DA:14,1
DA:18,1
DA:19,3
DA:21,1
DA:22,1
DA:23,3
DA:25,6
DA:29,1
DA:31,1
DA:33,2
DA:36,3
DA:38,6
LF:14
LH:14
end_of_record
SF:lib/features/saves/bloc/saves_event.dart
DA:4,3
DA:8,3
DA:16,2
DA:17,6
LF:4
LH:4
end_of_record
SF:lib/features/saves/view/saves_page.dart
DA:5,16
DA:7,3
DA:9,3
DA:11,3
LF:4
LH:4
end_of_record
SF:lib/features/saves/widgets/saves_list.dart
DA:7,15
DA:9,3
DA:11,3
DA:12,3
DA:13,3
DA:15,3
DA:22,3
DA:23,1
DA:24,2
DA:25,2
DA:27,1
DA:28,2
DA:29,1
DA:30,1
DA:31,1
DA:34,1
DA:35,1
DA:37,1
DA:39,1
LF:19
LH:19
end_of_record
